  main.cpp
D:\Development\Code\cautious-octo-waddle\caucious-octo-waddle\caucious-octo-waddle\main.cpp(26,2): warning C4091: 'typedef ': ignored on left of 'paTestData' when no variable is declared
D:\Development\Code\cautious-octo-waddle\caucious-octo-waddle\caucious-octo-waddle\main.cpp(32,2): warning C4091: 'typedef ': ignored on left of 'imageStuff' when no variable is declared
D:\Development\Code\cautious-octo-waddle\caucious-octo-waddle\caucious-octo-waddle\main.cpp(57,17): warning C4244: 'initializing': conversion from 'double' to 'float', possible loss of data
D:\Development\Code\cautious-octo-waddle\caucious-octo-waddle\caucious-octo-waddle\main.cpp(99,15): warning C4101: 'stream': unreferenced local variable
D:\Development\Code\cautious-octo-waddle\caucious-octo-waddle\caucious-octo-waddle\main.cpp(100,13): warning C4101: 'err': unreferenced local variable
D:\Development\Code\cautious-octo-waddle\caucious-octo-waddle\caucious-octo-waddle\main.cpp(98,24): warning C4101: 'outputParameters': unreferenced local variable
D:\Development\Code\cautious-octo-waddle\caucious-octo-waddle\caucious-octo-waddle\main.cpp(121,81): warning C4244: 'argument': conversion from 'double' to 'const std::complex<float>::_Ty', possible loss of data
D:\Development\Code\cautious-octo-waddle\caucious-octo-waddle\caucious-octo-waddle\main.cpp(121,56): warning C4244: 'argument': conversion from 'double' to 'const std::complex<float>::_Ty', possible loss of data
D:\Development\Code\cautious-octo-waddle\caucious-octo-waddle\caucious-octo-waddle\main.cpp(176,65): warning C4267: 'argument': conversion from 'size_t' to '_Tp', possible loss of data
          with
          [
              _Tp=int
          ]
D:\Development\Code\cautious-octo-waddle\caucious-octo-waddle\caucious-octo-waddle\main.cpp(176,95): warning C4267: 'argument': conversion from 'size_t' to '_Tp', possible loss of data
          with
          [
              _Tp=int
          ]
  caucious-octo-waddle.vcxproj -> D:\Development\Code\cautious-octo-waddle\caucious-octo-waddle\x64\Debug\caucious-octo-waddle.exe
